[    0.000000] Initializing cgroup subsys cpuset
[    0.000000] Initializing cgroup subsys cpu
[    0.000000] Initializing cgroup subsys cpuacct
[    0.000000] Linux version 4.4.0-203-generic (buildd@lcy01-amd64-027) (gcc version 5.4.0 20160609 (Ubuntu 5.4.0-6ubuntu1~16.04.12) ) #235-Ubuntu SMP Tue Feb 2 02:49:08 UTC 2021 (Ubuntu 4.4.0-203.235-generic 4.4.249)
[    0.000000] Command line: BOOT_IMAGE=/boot/vmlinuz-4.4.0-203-generic root=LABEL=cloudimg-rootfs ro console=tty1 console=ttyS0
[    0.000000] KERNEL supported cpus:
[    0.000000]   Intel GenuineIntel
[    0.000000]   AMD AuthenticAMD
[    0.000000]   Centaur CentaurHauls
[    0.000000] x86/fpu: Legacy x87 FPU detected.
[    0.000000] e820: BIOS-provided physical RAM map:
[    0.000000] BIOS-e820: [mem 0x0000000000000000-0x000000000009fbff] usable
[    0.000000] BIOS-e820: [mem 0x000000000009fc00-0x000000000009ffff] reserved
[    0.000000] BIOS-e820: [mem 0x00000000000f0000-0x00000000000fffff] reserved
[    0.000000] BIOS-e820: [mem 0x0000000000100000-0x000000001ffeffff] usable
[    0.000000] BIOS-e820: [mem 0x000000001fff0000-0x000000001fffffff] ACPI data
[    0.000000] BIOS-e820: [mem 0x00000000fec00000-0x00000000fec00fff] reserved
[    0.000000] BIOS-e820: [mem 0x00000000fee00000-0x00000000fee00fff] reserved
[    0.000000] BIOS-e820: [mem 0x00000000fffc0000-0x00000000ffffffff] reserved
[    0.000000] NX (Execute Disable) protection: active
[    0.000000] SMBIOS 2.5 present.
[    0.000000] Hypervisor detected: KVM
[    0.000000] e820: last_pfn = 0x1fff0 max_arch_pfn = 0x400000000
[    0.000000] MTRR: Disabled
[    0.000000] x86/PAT: MTRRs disabled, skipping PAT initialization too.
[    0.000000] CPU MTRRs all blank - virtualized system.
[    0.000000] x86/PAT: Configuration [0-7]: WB  WT  UC- UC  WB  WT  UC- UC  
[    0.000000] found SMP MP-table at [mem 0x0009fff0-0x0009ffff] mapped at [ffff88000009fff0]
[    0.000000] Scanning 1 areas for low memory corruption
[    0.000000] RAMDISK: [mem 0x1e8bd000-0x1f747fff]
[    0.000000] ACPI: Early table checksum verification disabled
[    0.000000] ACPI: RSDP 0x00000000000E0000 000024 (v02 VBOX  )
[    0.000000] ACPI: XSDT 0x000000001FFF0030 00003C (v01 VBOX   VBOXXSDT 00000001 ASL  00000061)
[    0.000000] ACPI: FACP 0x000000001FFF00F0 0000F4 (v04 VBOX   VBOXFACP 00000001 ASL  00000061)
[    0.000000] ACPI: DSDT 0x000000001FFF0470 002325 (v02 VBOX   VBOXBIOS 00000002 INTL 20100528)
[    0.000000] ACPI: FACS 0x000000001FFF0200 000040
[    0.000000] ACPI: FACS 0x000000001FFF0200 000040
[    0.000000] ACPI: APIC 0x000000001FFF0240 00005C (v02 VBOX   VBOXAPIC 00000001 ASL  00000061)
[    0.000000] ACPI: SSDT 0x000000001FFF02A0 0001CC (v01 VBOX   VBOXCPUT 00000002 INTL 20100528)
[    0.000000] No NUMA configuration found
[    0.000000] Faking a node at [mem 0x0000000000000000-0x000000001ffeffff]
[    0.000000] NODE_DATA(0) allocated [mem 0x1ffeb000-0x1ffeffff]
[    0.000000] kvm-clock: Using msrs 4b564d01 and 4b564d00
[    0.000000] kvm-clock: cpu 0, msr 0:1ffe3001, primary cpu clock
[    0.000000] kvm-clock: using sched offset of 4065308132 cycles
[    0.000000] clocksource: kvm-clock: mask: 0xffffffffffffffff max_cycles: 0x1cd42e4dffb, max_idle_ns: 881590591483 ns
[    0.000000] Zone ranges:
[    0.000000]   DMA      [mem 0x0000000000001000-0x0000000000ffffff]
[    0.000000]   DMA32    [mem 0x0000000001000000-0x000000001ffeffff]
[    0.000000]   Normal   empty
[    0.000000]   Device   empty
[    0.000000] Movable zone start for each node
[    0.000000] Early memory node ranges
[    0.000000]   node   0: [mem 0x0000000000001000-0x000000000009efff]
[    0.000000]   node   0: [mem 0x0000000000100000-0x000000001ffeffff]
[    0.000000] Initmem setup node 0 [mem 0x0000000000001000-0x000000001ffeffff]
[    0.000000] ACPI: PM-Timer IO Port: 0x4008
[    0.000000] IOAPIC[0]: apic_id 2, version 32, address 0xfec00000, GSI 0-23
[    0.000000] ACPI: INT_SRC_OVR (bus 0 bus_irq 0 global_irq 2 dfl dfl)
[    0.000000] ACPI: INT_SRC_OVR (bus 0 bus_irq 9 global_irq 9 low level)
[    0.000000] Using ACPI (MADT) for SMP configuration information
[    0.000000] smpboot: Allowing 2 CPUs, 0 hotplug CPUs
[    0.000000] PM: Registered nosave memory: [mem 0x00000000-0x00000fff]
[    0.000000] PM: Registered nosave memory: [mem 0x0009f000-0x0009ffff]
[    0.000000] PM: Registered nosave memory: [mem 0x000a0000-0x000effff]
[    0.000000] PM: Registered nosave memory: [mem 0x000f0000-0x000fffff]
[    0.000000] e820: [mem 0x20000000-0xfebfffff] available for PCI devices
[    0.000000] Booting paravirtualized kernel on KVM
[    0.000000] clocksource: refined-jiffies: mask: 0xffffffff max_cycles: 0xffffffff, max_idle_ns: 7645519600211568 ns
[    0.000000] setup_percpu: NR_CPUS:512 nr_cpumask_bits:512 nr_cpu_ids:2 nr_node_ids:1
[    0.000000] PERCPU: Embedded 33 pages/cpu @ffff88001fc00000 s95640 r8192 d31336 u1048576
[    0.000000] Built 1 zonelists in Node order, mobility grouping on.  Total pages: 128888
[    0.000000] Policy zone: DMA32
[    0.000000] Kernel command line: BOOT_IMAGE=/boot/vmlinuz-4.4.0-203-generic root=LABEL=cloudimg-rootfs ro console=tty1 console=ttyS0
[    0.000000] PID hash table entries: 2048 (order: 2, 16384 bytes)
[    0.000000] Memory: 481568K/523832K available (8641K kernel code, 1337K rwdata, 4044K rodata, 1496K init, 1296K bss, 42264K reserved, 0K cma-reserved)
[    0.000000] SLUB: HWalign=64, Order=0-3, MinObjects=0, CPUs=2, Nodes=1
[    0.000000] Kernel/User page tables isolation: enabled
[    0.000000] Hierarchical RCU implementation.
[    0.000000] 	Build-time adjustment of leaf fanout to 64.
[    0.000000] 	RCU restricting CPUs from NR_CPUS=512 to nr_cpu_ids=2.
[    0.000000] RCU: Adjusting geometry for rcu_fanout_leaf=64, nr_cpu_ids=2
[    0.000000] NR_IRQS:33024 nr_irqs:440 16
[    0.000000] Console: colour VGA+ 80x25
[    0.000000] console [tty1] enabled
[    0.000000] console [ttyS0] enabled
[    0.000000] tsc: Detected 3192.000 MHz processor
[    0.490229] Calibrating delay loop (skipped) preset value.. 6384.00 BogoMIPS (lpj=12768000)
[    0.497671] pid_max: default: 32768 minimum: 301
[    0.501925] ACPI: Core revision 20150930
[    0.507062] ACPI: 2 ACPI AML tables successfully acquired and loaded
[    0.515157] Security Framework initialized
[    0.519259] Yama: becoming mindful.
[    0.522580] AppArmor: AppArmor initialized
[    0.526413] Dentry cache hash table entries: 65536 (order: 7, 524288 bytes)
[    0.532393] Inode-cache hash table entries: 32768 (order: 6, 262144 bytes)
[    0.537872] Mount-cache hash table entries: 1024 (order: 1, 8192 bytes)
[    0.544524] Mountpoint-cache hash table entries: 1024 (order: 1, 8192 bytes)
[    0.550751] Initializing cgroup subsys io
[    0.554522] Initializing cgroup subsys memory
[    0.558443] Initializing cgroup subsys devices
[    0.563791] Initializing cgroup subsys freezer
[    0.568271] Initializing cgroup subsys net_cls
[    0.572924] Initializing cgroup subsys perf_event
[    0.577247] Initializing cgroup subsys net_prio
[    0.582175] Initializing cgroup subsys hugetlb
[    0.586365] Initializing cgroup subsys pids
[    0.590690] mce: CPU supports 0 MCE banks
[    0.595515] Last level iTLB entries: 4KB 64, 2MB 8, 4MB 8
[    0.600378] Last level dTLB entries: 4KB 64, 2MB 0, 4MB 0, 1GB 4
[    0.606351] Spectre V1 : Mitigation: usercopy/swapgs barriers and __user pointer sanitization
[    0.615022] Spectre V2 : Mitigation: Full generic retpoline
[    0.620080] Spectre V2 : Spectre v2 / SpectreRSB mitigation: Filling RSB on context switch
[    0.627760] Speculative Store Bypass: Vulnerable
[    0.633330] MDS: Mitigation: Clear CPU buffers
[    0.661232] Freeing SMP alternatives memory: 36K
[    0.715580] ftrace: allocating 32366 entries in 127 pages
[    1.297540] smpboot: APIC(0) Converting physical 0 to logical package 0
[    1.304470] smpboot: Max logical packages: 1
[    1.323882] ..TIMER: vector=0x30 apic1=0 pin1=2 apic2=-1 pin2=-1
[    1.437434] smpboot: CPU0: Intel(R) Core(TM) i7-8700 CPU @ 3.20GHz (family: 0x6, model: 0x9e, stepping: 0xa)
[    1.452619] Performance Events: unsupported p6 CPU model 158 no PMU driver, software events only.
[    1.505867] KVM setup paravirtual spinlock
[    1.510335] x86: Booting SMP configuration:
[    1.513185] .... node  #0, CPUs:      #1
[    1.519085] kvm-clock: cpu 1, msr 0:1ffe3041, secondary cpu clock
[    1.523409] mce: CPU supports 0 MCE banks
[    1.527297] TSC synchronization [CPU#0 -> CPU#1]:
[    1.530887] Measured 76514 cycles TSC warp between CPUs, turning off TSC clock.
[    1.535682] tsc: Marking TSC unstable due to check_tsc_sync_source failed
[    0.412376] x86: Booted up 1 node, 2 CPUs
[    0.414943] smpboot: Total of 2 processors activated (12768.00 BogoMIPS)
[    0.420006] devtmpfs: initialized
[    0.424846] evm: security.selinux
[    0.427056] evm: security.SMACK64
[    0.428007] evm: security.SMACK64EXEC
[    0.430367] evm: security.SMACK64TRANSMUTE
[    0.432002] evm: security.SMACK64MMAP
[    0.436002] evm: security.ima
[    0.440001] evm: security.capability
[    0.442688] clocksource: jiffies: mask: 0xffffffff max_cycles: 0xffffffff, max_idle_ns: 7645041785100000 ns
[    0.444013] futex hash table entries: 512 (order: 3, 32768 bytes)
[    0.448280] pinctrl core: initialized pinctrl subsystem
[    0.452485] RTC time: 16:08:36, date: 03/18/21
[    0.460218] NET: Registered protocol family 16
[    0.472011] cpuidle: using governor ladder
[    0.488014] cpuidle: using governor menu
[    0.490581] PCCT header not found.
[    0.492155] ACPI: bus type PCI registered
[    0.496003] acpiphp: ACPI Hot Plug PCI Controller Driver version: 0.5
[    0.500534] PCI: Using configuration type 1 for base access
[    0.520536] ACPI: Added _OSI(Module Device)
[    0.524003] ACPI: Added _OSI(Processor Device)
[    0.528007] ACPI: Added _OSI(3.0 _SCP Extensions)
[    0.532005] ACPI: Added _OSI(Processor Aggregator Device)
[    0.537302] ACPI: Executed 1 blocks of module-level executable AML code
[    0.548085] ACPI: Interpreter enabled
[    0.550617] ACPI: (supports S0 S5)
[    0.552004] ACPI: Using IOAPIC for interrupt routing
[    0.556258] PCI: Using host bridge windows from ACPI; if necessary, use "pci=nocrs" and report a bug
[    0.566974] ACPI: PCI Root Bridge [PCI0] (domain 0000 [bus 00-ff])
[    0.568013] acpi PNP0A03:00: _OSC: OS supports [ASPM ClockPM Segments MSI]
[    0.572557] acpi PNP0A03:00: _OSC: not requesting OS control; OS requires [ExtendedConfig ASPM ClockPM MSI]
[    0.576018] acpi PNP0A03:00: fail to add MMCONFIG information, can't access extended PCI configuration space under this bridge.
[    0.580446] PCI host bridge to bus 0000:00
[    0.584007] pci_bus 0000:00: root bus resource [io  0x0000-0x0cf7 window]
[    0.588013] pci_bus 0000:00: root bus resource [io  0x0d00-0xffff window]
[    0.592009] pci_bus 0000:00: root bus resource [mem 0x000a0000-0x000bffff window]
[    0.596008] pci_bus 0000:00: root bus resource [mem 0x20000000-0xfdffffff window]
[    0.600007] pci_bus 0000:00: root bus resource [bus 00-ff]
[    0.608977] pci 0000:00:01.1: legacy IDE quirk: reg 0x10: [io  0x01f0-0x01f7]
[    0.612009] pci 0000:00:01.1: legacy IDE quirk: reg 0x14: [io  0x03f6]
[    0.616009] pci 0000:00:01.1: legacy IDE quirk: reg 0x18: [io  0x0170-0x0177]
[    0.620013] pci 0000:00:01.1: legacy IDE quirk: reg 0x1c: [io  0x0376]
[    0.675695] pci 0000:00:07.0: quirk: [io  0x4000-0x403f] claimed by PIIX4 ACPI
[    0.676035] pci 0000:00:07.0: quirk: [io  0x4100-0x410f] claimed by PIIX4 SMB
[    0.686040] ACPI: PCI Interrupt Link [LNKA] (IRQs 5 9 10 *11)
[    0.692325] ACPI: PCI Interrupt Link [LNKB] (IRQs 5 9 *10 11)
[    0.698805] ACPI: PCI Interrupt Link [LNKC] (IRQs 5 *9 10 11)
[    0.705345] ACPI: PCI Interrupt Link [LNKD] (IRQs 5 9 10 *11)
[    0.710640] ACPI: Enabled 2 GPEs in block 00 to 07
[    0.712586] vgaarb: setting as boot device: PCI:0000:00:02.0
[    0.715774] vgaarb: device added: PCI:0000:00:02.0,decodes=io+mem,owns=io+mem,locks=none
[    0.716006] vgaarb: loaded
[    0.717815] vgaarb: bridge control possible 0000:00:02.0
[    0.720369] SCSI subsystem initialized
[    0.724447] ACPI: bus type USB registered
[    0.728031] usbcore: registered new interface driver usbfs
[    0.732055] usbcore: registered new interface driver hub
[    0.736118] usbcore: registered new device driver usb
[    0.740358] PCI: Using ACPI for IRQ routing
[    0.744514] NetLabel: Initializing
[    0.748002] NetLabel:  domain hash size = 128
[    0.752001] NetLabel:  protocols = UNLABELED CIPSOv4
[    0.755175] NetLabel:  unlabeled traffic allowed by default
[    0.756129] amd_nb: Cannot enumerate AMD northbridges
[    0.760228] clocksource: Switched to clocksource kvm-clock
[    0.788290] AppArmor: AppArmor Filesystem Enabled
[    0.791625] pnp: PnP ACPI init
[    0.791816] pnp: PnP ACPI: found 3 devices
[    0.835828] clocksource: acpi_pm: mask: 0xffffff max_cycles: 0xffffff, max_idle_ns: 2085701024 ns
[    0.836220] NET: Registered protocol family 2
[    0.845720] TCP established hash table entries: 4096 (order: 3, 32768 bytes)
[    0.850186] TCP bind hash table entries: 4096 (order: 4, 65536 bytes)
[    0.854043] TCP: Hash tables configured (established 4096 bind 4096)
[    0.854043] UDP hash table entries: 256 (order: 1, 8192 bytes)
[    0.854043] UDP-Lite hash table entries: 256 (order: 1, 8192 bytes)
[    0.854043] NET: Registered protocol family 1
[    0.854043] pci 0000:00:00.0: Limiting direct PCI/PCI transfers
[    0.854043] pci 0000:00:01.0: Activating ISA DMA hang workarounds
[    0.854043] Unpacking initramfs...
[    0.854043] Freeing initrd memory: 14892K
[    0.854043] clocksource: tsc: mask: 0xffffffffffffffff max_cycles: 0x2e02c4a121d, max_idle_ns: 440795236083 ns
[    0.854043] platform rtc_cmos: registered platform RTC device (no PNP device found)
[    0.854043] Scanning for low memory corruption every 60 seconds
[    1.285201] audit: initializing netlink subsys (disabled)
[    1.289025] audit: type=2000 audit(1616083722.042:1): initialized
[    1.295811] Initialise system trusted keyring
[    1.304203] HugeTLB registered 2 MB page size, pre-allocated 0 pages
[    1.310463] zbud: loaded
[    1.313456] VFS: Disk quotas dquot_6.6.0
[    1.316016] VFS: Dquot-cache hash table entries: 512 (order 0, 4096 bytes)
[    1.321536] squashfs: version 4.0 (2009/01/31) Phillip Lougher
[    1.327631] fuse init (API version 7.23)
[    1.331712] Key type big_key registered
[    1.334533] Allocating IMA MOK and blacklist keyrings.
[    1.355668] Key type asymmetric registered
[    1.359770] Asymmetric key parser 'x509' registered
[    1.364169] Block layer SCSI generic (bsg) driver version 0.4 loaded (major 249)
[    1.370867] io scheduler noop registered
[    1.374492] io scheduler deadline registered (default)
[    1.378558] io scheduler cfq registered
[    1.381699] pci_hotplug: PCI Hot Plug PCI Core version: 0.5
[    1.386767] pciehp: PCI Express Hot Plug Controller Driver version: 0.4
[    1.392449] ACPI: AC Adapter [AC] (on-line)
[    1.395691] input: Power Button as /devices/LNXSYSTM:00/LNXPWRBN:00/input/input0
[    1.402458] ACPI: Power Button [PWRF]
[    1.406304] input: Sleep Button as /devices/LNXSYSTM:00/LNXSLPBN:00/input/input1
[    1.412059] ACPI: Sleep Button [SLPF]
[    1.415493] GHES: HEST is not enabled!
[    1.421137] Serial: 8250/16550 driver, 32 ports, IRQ sharing enabled
[    1.450922] 00:02: ttyS0 at I/O 0x3f8 (irq = 4, base_baud = 115200) is a 16550A
[    1.472559] Linux agpgart interface v0.103
[    1.488080] loop: module loaded
[    1.493801] scsi host0: ata_piix
[    1.497268] scsi host1: ata_piix
[    1.499620] ata1: PATA max UDMA/33 cmd 0x1f0 ctl 0x3f6 bmdma 0xd000 irq 14
[    1.501219] ata2: PATA max UDMA/33 cmd 0x170 ctl 0x376 bmdma 0xd008 irq 15
[    1.508170] libphy: Fixed MDIO Bus: probed
[    1.511173] tun: Universal TUN/TAP device driver, 1.6
[    1.512039] tun: (C) 1999-2004 Max Krasnyansky <maxk@qualcomm.com>
[    1.518844] PPP generic driver version 2.4.2
[    1.525779] ehci_hcd: USB 2.0 'Enhanced' Host Controller (EHCI) Driver
[    1.533860] ehci-pci: EHCI PCI platform driver
[    1.539421] ehci-platform: EHCI generic platform driver
[    1.545256] ohci_hcd: USB 1.1 'Open' Host Controller (OHCI) Driver
[    1.552356] ohci-pci: OHCI PCI platform driver
[    1.557656] ohci-platform: OHCI generic platform driver
[    1.562592] uhci_hcd: USB Universal Host Controller Interface driver
[    1.567574] i8042: PNP: PS/2 Controller [PNP0303:PS2K,PNP0f03:PS2M] at 0x60,0x64 irq 1,12
[    1.579712] serio: i8042 KBD port at 0x60,0x64 irq 1
[    1.584948] serio: i8042 AUX port at 0x60,0x64 irq 12
[    1.589031] mousedev: PS/2 mouse device common for all mice
[    1.594619] input: AT Translated Set 2 keyboard as /devices/platform/i8042/serio0/input/input2
[    1.603925] rtc_cmos rtc_cmos: rtc core: registered rtc_cmos as rtc0
[    1.610494] rtc_cmos rtc_cmos: alarms up to one day, 114 bytes nvram
[    1.615608] i2c /dev entries driver
[    1.618420] device-mapper: uevent: version 1.0.3
[    1.622908] device-mapper: ioctl: 4.34.0-ioctl (2015-10-28) initialised: dm-devel@redhat.com
[    1.630003] ledtrig-cpu: registered to indicate activity on CPUs
[    1.638232] NET: Registered protocol family 10
[    1.650004] NET: Registered protocol family 17
[    1.654905] Key type dns_resolver registered
[    1.662356] registered taskstats version 1
[    1.665954] Loading compiled-in X.509 certificates
[    1.671565] Loaded X.509 cert 'Build time autogenerated kernel key: c0f1dd89d7e09a1955be4fde7c6f946674683c10'
[    1.681813] zswap: loaded using pool lzo/zbud
[    1.685718] Key type trusted registered
[    1.734958] Key type encrypted registered
[    1.738511] AppArmor: AppArmor sha1 policy hashing enabled
[    1.742897] ima: No TPM chip found, activating TPM-bypass!
[    1.747638] ima: Allocated hash algorithm: sha1
[    1.753216] evm: HMAC attrs: 0x1
[    1.756555]   Magic number: 13:96:136
[    1.760689] rtc_cmos rtc_cmos: setting system clock to 2021-03-18 16:08:38 UTC (1616083718)
[    1.767697] BIOS EDD facility v0.16 2004-Jun-25, 0 devices found
[    1.773124] EDD information not available.
[    1.778050] Freeing unused kernel memory: 1496K
[    1.781297] Write protecting the kernel read-only data: 14336k
[    1.786149] Freeing unused kernel memory: 1588K
[    1.789807] Freeing unused kernel memory: 52K
Loading, please wait...
starting version 229
[    1.830699] random: systemd-udevd: uninitialized urandom read (16 bytes read, 5 bits of entropy available)
[    1.831753] random: udevadm: uninitialized urandom read (16 bytes read, 5 bits of entropy available)
[    1.831778] random: udevadm: uninitialized urandom read (16 bytes read, 5 bits of entropy available)
[    1.849277] random: udevadm: uninitialized urandom read (16 bytes read, 5 bits of entropy available)
[    1.849308] random: udevadm: uninitialized urandom read (16 bytes read, 5 bits of entropy available)
[    1.849512] random: udevadm: uninitialized urandom read (16 bytes read, 5 bits of entropy available)
[    1.849600] random: udevadm: uninitialized urandom read (16 bytes read, 5 bits of entropy available)
[    1.849656] random: udevadm: uninitialized urandom read (16 bytes read, 5 bits of entropy available)
[    1.849701] random: udevadm: uninitialized urandom read (16 bytes read, 5 bits of entropy available)
[    1.849763] random: udevadm: uninitialized urandom read (16 bytes read, 5 bits of entropy available)
[    1.947989] Fusion MPT base driver 3.04.20
[    1.952939] Copyright (c) 1999-2008 LSI Corporation
[    1.969659] e1000: Intel(R) PRO/1000 Network Driver - version 7.3.21-k8-NAPI
[    1.977638] e1000: Copyright (c) 1999-2006 Intel Corporation.
[    2.011182] Fusion MPT SPI Host driver 3.04.20
[    2.218015] input: ImExPS/2 Generic Explorer Mouse as /devices/platform/i8042/serio1/input/input4
[    2.964804] e1000 0000:00:03.0 eth0: (PCI:33MHz:32-bit) 02:6e:7f:8d:d8:76
[    2.970623] e1000 0000:00:03.0 eth0: Intel(R) PRO/1000 Network Connection
[    3.726449] e1000 0000:00:08.0 eth1: (PCI:33MHz:32-bit) 08:00:27:49:77:04
[    3.731990] e1000 0000:00:08.0 eth1: Intel(R) PRO/1000 Network Connection
[    3.740650] e1000 0000:00:08.0 enp0s8: renamed from eth1
[    3.745098] mptbase: ioc0: Initiating bringup
[    3.752967] e1000 0000:00:03.0 enp0s3: renamed from eth0
[    3.818556] ioc0: LSI53C1030 A0: Capabilities={Initiator}
[    3.997772] scsi host2: ioc0: LSI53C1030 A0, FwRev=00000000h, Ports=1, MaxQ=256, IRQ=20
[    4.121924] scsi 2:0:0:0: Direct-Access     VBOX     HARDDISK         1.0  PQ: 0 ANSI: 5
[    4.133127] scsi target2:0:0: Beginning Domain Validation
[    4.142269] scsi target2:0:0: Domain Validation skipping write tests
[    4.147324] scsi target2:0:0: Ending Domain Validation
[    4.152435] scsi target2:0:0: asynchronous
[    4.158621] scsi 2:0:1:0: Direct-Access     VBOX     HARDDISK         1.0  PQ: 0 ANSI: 5
[    4.167496] scsi target2:0:1: Beginning Domain Validation
[    4.178529] scsi target2:0:1: Domain Validation skipping write tests
[    4.184883] scsi target2:0:1: Ending Domain Validation
[    4.192249] scsi target2:0:1: asynchronous
[    4.216648] sd 2:0:0:0: Attached scsi generic sg0 type 0
[    4.222249] sd 2:0:0:0: [sda] 83886080 512-byte logical blocks: (42.9 GB/40.0 GiB)
[    4.222689] sd 2:0:1:0: [sdb] 20480 512-byte logical blocks: (10.5 MB/10.0 MiB)
[    4.223303] sd 2:0:1:0: [sdb] Write Protect is off
[    4.223696] sd 2:0:1:0: [sdb] Incomplete mode parameter data
[    4.223697] sd 2:0:1:0: [sdb] Assuming drive cache: write through
[    4.226892] sd 2:0:1:0: Attached scsi generic sg1 type 0
[    4.230680] sd 2:0:1:0: [sdb] Attached SCSI disk
[    4.263266] sd 2:0:0:0: [sda] Write Protect is off
[    4.268339] sd 2:0:0:0: [sda] Incomplete mode parameter data
[    4.274942] sd 2:0:0:0: [sda] Assuming drive cache: write through
[    4.286239]  sda: sda1
[    4.293367] sd 2:0:0:0: [sda] Attached SCSI disk
Begin: Loading essential drivers ... [    6.090596] md: linear personality registered for level -1
[    6.098941] md: multipath personality registered for level -4
[    6.108357] md: raid0 personality registered for level 0
[    6.122342] md: raid1 personality registered for level 1
[    6.619817] raid6: sse2x1   gen() 81661 MB/s
[    8.618389] raid6: sse2x1   xor() 134110 MB/s
[   10.617391] raid6: sse2x2   gen() 218159 MB/s
[   11.682104] raid6: sse2x2   xor() 12149 MB/s
[   11.757293] raid6: sse2x4   gen() 15166 MB/s
[   11.832237] raid6: sse2x4   xor() 11092 MB/s
[   11.835325] raid6: using algorithm sse2x2 gen() 218159 MB/s
[   11.839547] raid6: .... xor() 12149 MB/s, rmw enabled
[   11.845455] raid6: using ssse3x2 recovery algorithm
[   11.851190] xor: measuring software checksum speed
[   11.892636]    prefetch64-sse: 26613.000 MB/sec
[   11.932831]    generic_sse: 21431.000 MB/sec
[   11.936257] xor: using function: prefetch64-sse (26613.000 MB/sec)
[   11.944763] async_tx: api initialized (async)
[   11.992516] md: raid6 personality registered for level 6
[   11.996589] md: raid5 personality registered for level 5
[   12.000509] md: raid4 personality registered for level 4
[   12.020961] md: raid10 personality registered for level 10
done.
Begin: Running /scripts/init-premount ... done.
Begin: Mounting root file system ... Begin: Running /scripts/local-top ... done.
Begin: Running /scripts/local-premount ... [   12.084519] Btrfs loaded
Scanning for Btrfs filesystems
done.
Warning: fsck not present, so skipping root file system
[   12.142234] EXT4-fs (sda1): mounted filesystem with ordered data mode. Opts: (null)
done.
Begin: Running /scripts/local-bottom ... done.
Begin: Running /scripts/init-bottom ... done.
[   12.321089] systemd[1]: systemd 229 running in system mode. (+PAM +AUDIT +SELINUX +IMA +APPARMOR +SMACK +SYSVINIT +UTMP +LIBCRYPTSETUP +GCRYPT +GNUTLS +ACL +XZ -LZ4 +SECCOMP +BLKID +ELFUTILS +KMOD -IDN)
[   12.333031] systemd[1]: Detected virtualization oracle.
[   12.336982] systemd[1]: Detected architecture x86-64.

Welcome to [1mUbuntu 16.04.7 LTS[0m!

[   12.348320] systemd[1]: Set hostname to <ubuntu-xenial>.
[   12.561654] systemd[1]: Listening on LVM2 metadata daemon socket.
[[0;32m  OK  [0m] Listening on LVM2 metadata daemon socket.
[   12.568885] systemd[1]: Reached target Encrypted Volumes.
[[0;32m  OK  [0m] Reached target Encrypted Volumes.
[   12.575796] systemd[1]: Created slice User and Session Slice.
[[0;32m  OK  [0m] Created slice User and Session Slice.
[   12.584459] systemd[1]: Listening on Journal Audit Socket.
[[0;32m  OK  [0m] Listening on Journal Audit Socket.
[   12.590858] systemd[1]: Listening on Device-mapper event daemon FIFOs.
[[0;32m  OK  [0m] Listening on Device-mapper event daemon FIFOs.
[   12.598159] systemd[1]: Set up automount Arbitrary Executable File Formats File System Automount Point.
[[0;32m  OK  [0m] Set up automount Arbitrary Executab...ats File System Automount Point.
[   12.607453] systemd[1]: Started Forward Password Requests to Wall Directory Watch.
[[0;32m  OK  [0m] Started Forward Password Requests to Wall Directory Watch.
[   12.616556] systemd[1]: Reached target User and Group Name Lookups.
[[0;32m  OK  [0m] Reached target User and Group Name Lookups.
[   12.623906] systemd[1]: Listening on Journal Socket (/dev/log).
[[0;32m  OK  [0m] Listening on Journal Socket (/dev/log).
[   12.631115] systemd[1]: Listening on udev Control Socket.
[[0;32m  OK  [0m] Listening on udev Control Socket.
[   12.637882] systemd[1]: Listening on udev Kernel Socket.
[[0;32m  OK  [0m] Listening on udev Kernel Socket.
[   12.644185] systemd[1]: Listening on /dev/initctl Compatibility Named Pipe.
[[0;32m  OK  [0m] Listening on /dev/initctl Compatibility Named Pipe.
[   12.652243] systemd[1]: Started Trigger resolvconf update for networkd DNS.
[[0;32m  OK  [0m] Started Trigger resolvconf update for networkd DNS.
[   12.659773] systemd[1]: Listening on Journal Socket.
[[0;32m  OK  [0m] Listening on Journal Socket.
[   12.666025] systemd[1]: Listening on LVM2 poll daemon socket.
[[0;32m  OK  [0m] Listening on LVM2 poll daemon socket.
[   12.672517] systemd[1]: Reached target System Time Synchronized.
[[0;32m  OK  [0m] Reached target System Time Synchronized.
[   12.679172] systemd[1]: Listening on Syslog Socket.
[[0;32m  OK  [0m] Listening on Syslog Socket.
[   12.686750] systemd[1]: Reached target Swap.
[[0;32m  OK  [0m] Reached target Swap.
[   12.692217] systemd[1]: Created slice System Slice.
[[0;32m  OK  [0m] Created slice System Slice.
[   12.698969] systemd[1]: Created slice system-serial\x2dgetty.slice.
[[0;32m  OK  [0m] Created slice system-serial\x2dgetty.slice.
[   12.720413] systemd[1]: Mounting POSIX Message Queue File System...
         Mounting POSIX Message Queue File System...
[   12.731104] systemd[1]: Reached target Slices.
[[0;32m  OK  [0m] Reached target Slices.
[   12.737170] systemd[1]: Mounting Debug File System...
         Mounting Debug File System...
[   12.743138] systemd[1]: Starting Set console keymap...
         Starting Set console keymap...
[   12.753205] systemd[1]: Starting Load Kernel Modules...
         Starting Load Kernel Modules...
[   12.761332] systemd[1]: Starting Create list of required static device nodes for the current kernel...
[   12.768803] Loading iSCSI transport class v2.0-870.
         Starting Create list of required st... nodes for the current kernel...
[   12.779349] systemd[1]: Starting Remount Root and Kernel File Systems...
[   12.782775] EXT4-fs (sda1): re-mounted. Opts: (null)
         Starting Remount Root and Kernel File Systems...
[   12.793445] systemd[1]: Starting Journal Service...
         Starting Journal Service...
[   12.801657] systemd[1]: Starting Monitoring of LVM2 mirrors, snapshots etc. using dmeventd or progress polling...
         Starting Monitoring of LVM2 mirrors... dmeventd or progress polling...
[   12.814494] systemd[1]: Mounting Huge Pages File System...
         Mounting Huge Pages File System...
[   12.823797] iscsi: registered transport (tcp)
[   12.826477] systemd[1]: Starting Nameserver information manager...
         Starting Nameserver information manager...
[   12.839657] systemd[1]: Starting Uncomplicated firewall...
         Starting Uncomplicated firewall...
[   12.856721] systemd[1]: Mounted Debug File System.
[[0;32m  OK  [0m] Mounted Debug File System.
[   12.867603] systemd[1]: Mounted POSIX Message Queue File System.
[[0;32m  OK  [0m] Mounted POSIX Message Queue File System.
[   12.880967] systemd[1]: Mounted Huge Pages File System.
[[0;32m  OK  [0m] Mounted Huge Pages File System.
[   12.890763] systemd[1]: Started Journal Service.
[[0;32m  OK  [0m] Started Journal Service.
[[0;32m  OK  [0m] Started Create list of required sta...ce nodes for the current kernel.
[[0;32m  OK  [0m] Started Set console keymap.
[[0;32m  OK  [0m] Started Remount Root and Kernel File Systems.
[   12.946022] iscsi: registered transport (iser)
[[0;32m  OK  [0m] Started Uncomplicated firewall.
[[0;32m  OK  [0m] Started Load Kernel Modules.
[[0;32m  OK  [0m] Started Nameserver information manager.
[[0;32m  OK  [0m] Started LVM2 metadata daemon.
         Starting Apply Kernel Variables...
         Mounting FUSE Control File System...
         Starting udev Coldplug all Devices...
         Starting Load/Save Random Seed...
         Starting Create Static Device Nodes in /dev...
         Starting Flush Journal to Persistent Storage...
[[0;32m  OK  [0m] Mounted FUSE Control File System.
[[0;32m  OK  [0m] Started Apply Kernel Variables.
[[0;32m  OK  [0m] Started Load/Save Random Seed.
[[0;32m  OK  [0m] Started Flush Journal to Persistent Storage.
[[0;32m  OK  [0m] Started Create Static Device Nodes in /dev.
         Starting udev Kernel Device Manager...
[[0;32m  OK  [0m] Started udev Coldplug all Devices.
[[0;32m  OK  [0m] Started udev Kernel Device Manager.
[[0;32m  OK  [0m] Started Dispatch Password Requests to Console Directory Watch.
[[0;32m  OK  [0m] Found device /dev/ttyS0.
[[0;32m  OK  [0m] Listening on Load/Save RF Kill Switch Status /dev/rfkill Watch.
[[0;32m  OK  [0m] Started Monitoring of LVM2 mirrors,...ng dmeventd or progress polling.
[[0;32m  OK  [0m] Reached target Local File Systems (Pre).
         Mounting /vagrant...
[[0;32m  OK  [0m] Reached target Local File Systems.
         Starting LSB: AppArmor initialization...
         Starting Create Volatile Files and Directories...
         Starting Tell Plymouth To Write Out Runtime Data...
         Starting Set console font and keymap...
         Starting Initial cloud-init job (pre-networking)...
[[0;1;31mFAILED[0m] Failed to mount /vagrant.
See 'systemctl status vagrant.mount' for details.
[[0;32m  OK  [0m] Started Create Volatile Files and Directories.
[[0;32m  OK  [0m] Started Tell Plymouth To Write Out Runtime Data.
         Starting Update UTMP about System Boot/Shutdown...
[[0;32m  OK  [0m] Found device 82540EM Gigabit Ethern...r (PRO/1000 MT Desktop Adapter).
[[0;32m  OK  [0m] Started Update UTMP about System Boot/Shutdown.
[[0;32m  OK  [0m] Started LSB: AppArmor initialization.
[[0;32m  OK  [0m] Found device 82540EM Gigabit Ethern...r (PRO/1000 MT Desktop Adapter).
         Starting Load AppArmor profiles managed internally by snapd...
[[0;32m  OK  [0m] Started Load AppArmor profiles managed internally by snapd.
[[0;32m  OK  [0m] Started Set console font and keymap.
[[0;32m  OK  [0m] Created slice system-getty.slice.
[   16.279871] cloud-init[650]: Cloud-init v. 20.4.1-0ubuntu1~16.04.1 running 'init-local' at Thu, 18 Mar 2021 16:08:52 +0000. Up 15.99 seconds.
[[0;32m  OK  [0m] Started Initial cloud-init job (pre-networking).
[[0;32m  OK  [0m] Reached target Network (Pre).
         Starting Raise network interfaces...
[[0;32m  OK  [0m] Started ifup for enp0s3.
[[0;32m  OK  [0m] Started ifup for enp0s8.
[[0;32m  OK  [0m] Started Raise network interfaces.
[[0;32m  OK  [0m] Reached target Network.
         Starting Initial cloud-init job (metadata service crawler)...
[   17.207367] cloud-init[1060]: Cloud-init v. 20.4.1-0ubuntu1~16.04.1 running 'init' at Thu, 18 Mar 2021 16:08:53 +0000. Up 16.91 seconds.
[   17.213817] cloud-init[1060]: ci-info: ++++++++++++++++++++++++++++++++++++++Net device info+++++++++++++++++++++++++++++++++++++++
[   17.219937] cloud-init[1060]: ci-info: +--------+------+-----------------------------+---------------+--------+-------------------+
[   17.225677] cloud-init[1060]: ci-info: | Device |  Up  |           Address           |      Mask     | Scope  |     Hw-Address    |
[   17.231201] cloud-init[1060]: ci-info: +--------+------+-----------------------------+---------------+--------+-------------------+
[   17.236817] cloud-init[1060]: ci-info: | enp0s3 | True |          10.0.2.15          | 255.255.255.0 | global | 02:6e:7f:8d:d8:76 |
[   17.242235] cloud-init[1060]: ci-info: | enp0s3 | True |  fe80::6e:7fff:fe8d:d876/64 |       .       |  link  | 02:6e:7f:8d:d8:76 |
[   17.247410] cloud-init[1060]: ci-info: | enp0s8 | True |         192.168.68.8        | 255.255.255.0 | global | 08:00:27:49:77:04 |
[   17.253127] cloud-init[1060]: ci-info: | enp0s8 | True | fe80::a00:27ff:fe49:7704/64 |       .       |  link  | 08:00:27:49:77:04 |
[   17.259825] cloud-init[1060]: ci-info: |   lo   | True |          127.0.0.1          |   255.0.0.0   |  host  |         .         |
[   17.266560] cloud-init[1060]: ci-info: |   lo   | True |           ::1/128           |       .       |  host  |         .         |
[   17.272012] cloud-init[1060]: ci-info: +--------+------+-----------------------------+---------------+--------+-------------------+
[   17.277723] cloud-init[1060]: ci-info: ++++++++++++++++++++++++++++Route IPv4 info++++++++++++++++++++++++++++
[   17.282127] cloud-init[1060]: ci-info: +-------+--------------+----------+---------------+-----------+-------+
[   17.286514] cloud-init[1060]: ci-info: | Route | Destination  | Gateway  |    Genmask    | Interface | Flags |
[   17.292699] cloud-init[1060]: ci-info: +-------+--------------+----------+---------------+-----------+-------+
[   17.297917] cloud-init[1060]: ci-info: |   0   |   0.0.0.0    | 10.0.2.2 |    0.0.0.0    |   enp0s3  |   UG  |
[   17.302696] cloud-init[1060]: ci-info: |   1   |   10.0.2.0   | 0.0.0.0  | 255.255.255.0 |   enp0s3  |   U   |
[   17.308613] cloud-init[1060]: ci-info: |   2   | 192.168.68.0 | 0.0.0.0  | 255.255.255.0 |   enp0s8  |   U   |
[   17.313931] cloud-init[1060]: ci-info: +-------+--------------+----------+---------------+-----------+-------+
[   17.319506] cloud-init[1060]: ci-info: +++++++++++++++++++Route IPv6 info+++++++++++++++++++
[   17.324917] cloud-init[1060]: ci-info: +-------+-------------+---------+-----------+-------+
[   17.330481] cloud-init[1060]: ci-info: | Route | Destination | Gateway | Interface | Flags |
[   17.335674] cloud-init[1060]: ci-info: +-------+-------------+---------+-----------+-------+
[   17.340792] cloud-init[1060]: ci-info: |   0   |  fe80::/64  |    ::   |   enp0s8  |   U   |
[   17.345683] cloud-init[1060]: ci-info: |   1   |  fe80::/64  |    ::   |   enp0s3  |   U   |
[   17.350428] cloud-init[1060]: ci-info: |   4   |   ff00::/8  |    ::   |   enp0s8  |   U   |
[   17.355124] cloud-init[1060]: ci-info: |   5   |   ff00::/8  |    ::   |   enp0s3  |   U   |
[   17.359944] cloud-init[1060]: ci-info: +-------+-------------+---------+-----------+-------+
[[0;32m  OK  [0m] Started Initial cloud-init job (metadata service crawler).
[[0;32m  OK  [0m] Reached target Cloud-config availability.
[[0;32m  OK  [0m] Reached target System Initialization.
[[0;32m  OK  [0m] Started Message of the Day.
[[0;32m  OK  [0m] Started Daily apt download activities.
[[0;32m  OK  [0m] Started Daily apt upgrade and clean activities.
         Starting LXD - unix socket.
[[0;32m  OK  [0m] Started Daily Cleanup of Temporary Directories.
         Starting Socket activation for snappy daemon.
[[0;32m  OK  [0m] Started ACPI Events Check.
[[0;32m  OK  [0m] Reached target Paths.
[[0;32m  OK  [0m] Reached target Timers.
[[0;32m  OK  [0m] Listening on UUID daemon activation socket.
[[0;32m  OK  [0m] Listening on ACPID Listen Socket.
[[0;32m  OK  [0m] Listening on D-Bus System Message Bus Socket.
[[0;32m  OK  [0m] Reached target Network is Online.
         Starting iSCSI initiator daemon (iscsid)...
[[0;32m  OK  [0m] Listening on LXD - unix socket.
[[0;32m  OK  [0m] Listening on Socket activation for snappy daemon.
[[0;32m  OK  [0m] Reached target Sockets.
[[0;32m  OK  [0m] Reached target Basic System.
         Starting A high performance web server and a reverse proxy server...
[[0;32m  OK  [0m] Started ACPI event daemon.
         Starting LXD - container startup/shutdown...
[[0;32m  OK  [0m] Started Deferred execution scheduler.
[[0;32m  OK  [0m] Started FUSE filesystem for LXC.
         Starting LSB: MD monitoring daemon...
[[0;32m  OK  [0m] Started Regular background program processing daemon.
         Starting Login Service...
         Starting /etc/rc.local Compatibility...
[[0;32m  OK  [0m] Started D-Bus System Message Bus.
         Starting OpenBSD Secure Shell server...
         Starting Virtualbox guest utils...
         Starting System Logging Service...
         Starting LSB: Record successful boot for GRUB...
         Starting Snap Daemon...
         Starting Accounts Service...
[[0;32m  OK  [0m] Started /etc/rc.local Compatibility.
[[0;32m  OK  [0m] Started iSCSI initiator daemon (iscsid).
[[0;32m  OK  [0m] Started OpenBSD Secure Shell server.
[[0;32m  OK  [0m] Started System Logging Service.
         Starting Login to default iSCSI targets...
[[0;32m  OK  [0m] Started A high performance web server and a reverse proxy server.
[[0;32m  OK  [0m] Started LXD - container startup/shutdown.
[[0;32m  OK  [0m] Started LSB: MD monitoring daemon.
[[0;32m  OK  [0m] Started LSB: Record successful boot for GRUB.
[[0;32m  OK  [0m] Started Login Service.
         Starting Authenticate and Authorize Users to Run Privileged Tasks...
[[0;32m  OK  [0m] Started Unattended Upgrades Shutdown.
[[0;32m  OK  [0m] Started Authenticate and Authorize Users to Run Privileged Tasks.
[[0;32m  OK  [0m] Started Accounts Service.
[[0;32m  OK  [0m] Started Login to default iSCSI targets.
[[0;32m  OK  [0m] Reached target Remote File Systems (Pre).
[[0;32m  OK  [0m] Reached target Remote File Systems.
         Starting Permit User Sessions...
         Starting LSB: Set the CPU Frequency Scaling governor to "ondemand"...
         Starting LSB: daemon to balance interrupts for SMP systems...
         Starting LSB: automatic crash report generation...
[[0;32m  OK  [0m] Started Permit User Sessions.
         Starting Terminate Plymouth Boot Screen...
         Starting Hold until boot process finishes up...
[[0;32m  OK  [0m] Started LSB: Set the CPU Frequency Scaling governor to "ondemand".
[[0;32m  OK  [0m] Started Virtualbox guest utils.
[[0;32m  OK  [0m] Started LSB: daemon to balance interrupts for SMP systems.
[[0;32m  OK  [0m] Started Terminate Plymouth Boot Screen.
[[0;32m  OK  [0m] Started Hold until boot process finishes up.
[[0;32m  OK  [0m] Started Serial Getty on ttyS0.
[[0;32m  OK  [0m] Started Getty on tty1.
[[0;32m  OK  [0m] Reached target Login Prompts.
         Starting Set console scheme...
[[0;32m  OK  [0m] Started Set console scheme.
[[0;32m  OK  [0m] Started LSB: automatic crash report generation.
[[0;32m  OK  [0m] Started Snap Daemon.
         Starting Wait until snapd is fully seeded...
[[0;32m  OK  [0m] Started Wait until snapd is fully seeded.
         Starting Apply the settings specified in cloud-config...
[[0;32m  OK  [0m] Reached target Multi-User System.
[[0;32m  OK  [0m] Reached target Graphical Interface.
         Starting Update UTMP about System Runlevel Changes...
[[0;32m  OK  [0m] Started Update UTMP about System Runlevel Changes.
[   19.015307] cloud-init[1332]: Cloud-init v. 20.4.1-0ubuntu1~16.04.1 running 'modules:config' at Thu, 18 Mar 2021 16:08:55 +0000. Up 18.94 seconds.
[[0;32m  OK  [0m] Started Apply the settings specified in cloud-config.
         Starting Execute cloud user/final scripts...
[   19.429827] cloud-init[1344]: Cloud-init v. 20.4.1-0ubuntu1~16.04.1 running 'modules:final' at Thu, 18 Mar 2021 16:08:56 +0000. Up 19.34 seconds.
[   19.435328] cloud-init[1344]: Cloud-init v. 20.4.1-0ubuntu1~16.04.1 finished at Thu, 18 Mar 2021 16:08:56 +0000. Datasource DataSourceNoCloud [seed=/dev/sdb][dsmode=net].  Up 19.42 seconds
[[0;32m  OK  [0m] Started Execute cloud user/final scripts.
[[0;32m  OK  [0m] Reached target Cloud-init target.

Ubuntu 16.04.7 LTS ubuntu-xenial ttyS0

ubuntu-xenial login: 